<?xml version="1.0" encoding="UTF-8"?>
<!-- Generated by org.testng.reporters.JUnitXMLReporter -->
<testsuite hostname="DESKTOP-VCE6FCA" ignored="0" name="Group of group Test" tests="2" failures="0" timestamp="21 Jul 2017 19:54:59 GMT" time="15.139" errors="0">
  <testcase name="dragAndDropTestCaseWithinFrame" time="0.643" classname="com.qa.utils.DifferentDrame"/>
  <testcase name="dragAndDropTestCaseWithinFrame" time="0.479" classname="com.qa.utils.SameFrame"/>
</testsuite> <!-- Group of group Test -->
